<?xml version="1.0" encoding="UTF-8"?>
<testng-results skipped="0" failed="0" ignored="0" total="1" passed="1">
  <reporter-output>
    <line>
      <![CDATA[Clean the value if any in[[ChromeDriver: chrome on WINDOWS (c50c3037e19a34468d6993cac8cc52e8)] -> id: UserAccount].]]>
    </line>
    <line>
      <![CDATA[Type value is: C8000.]]>
    </line>
    <line>
      <![CDATA[Clean the value if any in[[ChromeDriver: chrome on WINDOWS (c50c3037e19a34468d6993cac8cc52e8)] -> id: UserPwd].]]>
    </line>
    <line>
      <![CDATA[Type value is: password1.]]>
    </line>
    <line>
      <![CDATA[Element:Proxy element for: DefaultElementLocator 'By.xpath: //*[@id="fm_locallogin"]/ul/li[3]/button'was clicked.]]>
    </line>
    <line>
      <![CDATA[Clean the value if any in[[ChromeDriver: chrome on WINDOWS (c50c3037e19a34468d6993cac8cc52e8)] -> xpath: //*[@id="menu_search"]].]]>
    </line>
    <line>
      <![CDATA[Type value is: 呆坏账缴费.]]>
    </line>
    <line>
      <![CDATA[Element:[[ChromeDriver: chrome on WINDOWS (c50c3037e19a34468d6993cac8cc52e8)] -> xpath: //*[@id="menu_search_list"]/li[2]/div[1]/div]was clicked.]]>
    </line>
    <line>
      <![CDATA[Clean the value if any in[[ChromeDriver: chrome on WINDOWS (c50c3037e19a34468d6993cac8cc52e8)] -> id: phone_id].]]>
    </line>
    <line>
      <![CDATA[Type value is: 17810015695.]]>
    </line>
    <line>
      <![CDATA[Element:[[ChromeDriver: chrome on WINDOWS (c50c3037e19a34468d6993cac8cc52e8)] -> id: queryLoss]was clicked.]]>
    </line>
  </reporter-output>
  <suite name="All Test Suite" duration-ms="63862" started-at="2020-01-09T03:18:26Z" finished-at="2020-01-09T03:19:30Z">
    <groups>
    </groups>
    <test name="D:/seleniumjava" duration-ms="63862" started-at="2020-01-09T03:18:26Z" finished-at="2020-01-09T03:19:30Z">
      <class name="CRM.TestDaiHuaiZhang">
        <test-method status="PASS" signature="setUp()[pri:0, instance:CRM.TestDaiHuaiZhang@5e025e70]" name="setUp" is-config="true" duration-ms="23985" started-at="2020-01-09T03:18:26Z" finished-at="2020-01-09T03:18:50Z">
          <reporter-output>
          </reporter-output>
        </test-method> <!-- setUp -->
        <test-method status="PASS" signature="checkDaiHuaiZhang()[pri:0, instance:CRM.TestDaiHuaiZhang@5e025e70]" name="checkDaiHuaiZhang" duration-ms="39585" started-at="2020-01-09T03:18:50Z" finished-at="2020-01-09T03:19:30Z">
          <reporter-output>
            <line>
              <![CDATA[Clean the value if any in[[ChromeDriver: chrome on WINDOWS (c50c3037e19a34468d6993cac8cc52e8)] -> id: UserAccount].]]>
            </line>
            <line>
              <![CDATA[Type value is: C8000.]]>
            </line>
            <line>
              <![CDATA[Clean the value if any in[[ChromeDriver: chrome on WINDOWS (c50c3037e19a34468d6993cac8cc52e8)] -> id: UserPwd].]]>
            </line>
            <line>
              <![CDATA[Type value is: password1.]]>
            </line>
            <line>
              <![CDATA[Element:Proxy element for: DefaultElementLocator 'By.xpath: //*[@id="fm_locallogin"]/ul/li[3]/button'was clicked.]]>
            </line>
            <line>
              <![CDATA[Clean the value if any in[[ChromeDriver: chrome on WINDOWS (c50c3037e19a34468d6993cac8cc52e8)] -> xpath: //*[@id="menu_search"]].]]>
            </line>
            <line>
              <![CDATA[Type value is: 呆坏账缴费.]]>
            </line>
            <line>
              <![CDATA[Element:[[ChromeDriver: chrome on WINDOWS (c50c3037e19a34468d6993cac8cc52e8)] -> xpath: //*[@id="menu_search_list"]/li[2]/div[1]/div]was clicked.]]>
            </line>
            <line>
              <![CDATA[Clean the value if any in[[ChromeDriver: chrome on WINDOWS (c50c3037e19a34468d6993cac8cc52e8)] -> id: phone_id].]]>
            </line>
            <line>
              <![CDATA[Type value is: 17810015695.]]>
            </line>
            <line>
              <![CDATA[Element:[[ChromeDriver: chrome on WINDOWS (c50c3037e19a34468d6993cac8cc52e8)] -> id: queryLoss]was clicked.]]>
            </line>
          </reporter-output>
        </test-method> <!-- checkDaiHuaiZhang -->
      </class> <!-- CRM.TestDaiHuaiZhang -->
    </test> <!-- D:/seleniumjava -->
  </suite> <!-- All Test Suite -->
</testng-results>
